[06/01/2019 19:20:59] getAll - "SELECT * FROM Kebab" - 0.0015 seconds
[06/01/2019 19:25:27] getAllBy - "SELECT * FROM Kebab ORDER BY oignon DESC" - 0.0023 seconds
[06/01/2019 19:30:23] count - "SELECT id FROM Kebab" - 0.0031 seconds
[06/01/2019 19:30:34] count - "SELECT id FROM Kebab" - 0.0014 seconds
[06/01/2019 19:39:57] count - "SELECT * FROM Kebab WHERE (tomate = false) AND (oignon = false)" - 0.0045 seconds
[06/01/2019 21:55:03] save (insert) - "INSERT INTO Kebab (name, salade, tomate, oignon) VALUES(The Creation, 1, 0, 1)" - 0.0023 seconds
[06/01/2019 22:15:12] save (insert) - "INSERT INTO Kebab (name, salade, tomate, oignon) VALUES(The Creation, 1, 0, 1)" - 0.0028 seconds
[06/01/2019 22:15:39] save (insert) - "INSERT INTO Kebab (name, salade, tomate, oignon) VALUES(The Creation, 1, 0, 1)" - 0.0023 seconds
[06/01/2019 22:16:22] save (insert) - "INSERT INTO Kebab (name, salade, tomate, oignon) VALUES(The Creation, 1, 0, 1)" - 0.0022 seconds
[06/01/2019 22:18:54] save (insert) - "INSERT INTO Kebab (name, salade, tomate, oignon) VALUES(The Creation, 1, 0, 1)" - 0.0013 seconds
[06/01/2019 22:19:03] save (insert) - "INSERT INTO Kebab (name, salade, tomate, oignon) VALUES(The Creation, 1, 0, 1)" - 0.0013 seconds
[06/01/2019 22:19:31] save (insert) - "INSERT INTO Kebab (name, salade, tomate, oignon) VALUES(The Creation, 1, 0, 1)" - 0.0013 seconds
[06/01/2019 22:19:31] save (insert) - "UPDATE Kebab SET name = 'The Creation', salade = '0', tomate = '0', oignon = '1' WHERE id = 86" - 0.0014 seconds
[06/01/2019 22:22:01] save (insert) - "INSERT INTO Kebab (name, salade, tomate, oignon) VALUES(The Creation, 1, 0, 1)" - 0.003 seconds
[06/01/2019 22:22:01] delete - "DELETE FROM Kebab WHERE id = 87" - 0.0013 seconds
[06/01/2019 22:22:17] save (insert) - "INSERT INTO Kebab (name, salade, tomate, oignon) VALUES(The Creation, 1, 0, 1)" - 0.0021 seconds
[06/01/2019 22:22:17] save (update) - "UPDATE Kebab SET name = 'The Creation', salade = '0', tomate = '0', oignon = '1' WHERE id = 88" - 0.0007 seconds
[06/01/2019 22:22:22] save (insert) - "INSERT INTO Kebab (name, salade, tomate, oignon) VALUES(The Creation, 1, 0, 1)" - 0.0012 seconds
[06/01/2019 22:22:22] delete - "DELETE FROM Kebab WHERE id = 89" - 0.0012 seconds
[06/01/2019 22:28:05] deleteWith - "DELETE FROM Kebab WHERE oignon = false" - 0.0042 seconds
